12:44:20 **** Build of configuration Debug for project Lab1 ****
make all 
Building file: ../Sources/Events.c
Invoking: Cross ARM C Compiler
arm-none-eabi-gcc -mcpu=cortex-m0plus -mthumb -O0 -fmessage-length=0 -fsigned-char -ffunction-sections -fdata-sections  -g3 -I"C:/Users/Jakub/Documents/GitHub/bigdiodeenergy/Lab1/Static_Code/PDD" -I"C:/Users/Jakub/Documents/GitHub/bigdiodeenergy/Lab1/Static_Code/IO_Map" -I"C:/Users/Jakub/Documents/GitHub/bigdiodeenergy/Lab1/Sources" -I"C:/Users/Jakub/Documents/GitHub/bigdiodeenergy/Lab1/Generated_Code" -std=c99 -MMD -MP -MF"Sources/Events.d" -MT"Sources/Events.o" -c -o "Sources/Events.o" "../Sources/Events.c"
Finished building: ../Sources/Events.c
 
Building file: ../Sources/main.c
Invoking: Cross ARM C Compiler
arm-none-eabi-gcc -mcpu=cortex-m0plus -mthumb -O0 -fmessage-length=0 -fsigned-char -ffunction-sections -fdata-sections  -g3 -I"C:/Users/Jakub/Documents/GitHub/bigdiodeenergy/Lab1/Static_Code/PDD" -I"C:/Users/Jakub/Documents/GitHub/bigdiodeenergy/Lab1/Static_Code/IO_Map" -I"C:/Users/Jakub/Documents/GitHub/bigdiodeenergy/Lab1/Sources" -I"C:/Users/Jakub/Documents/GitHub/bigdiodeenergy/Lab1/Generated_Code" -std=c99 -MMD -MP -MF"Sources/main.d" -MT"Sources/main.o" -c -o "Sources/main.o" "../Sources/main.c"
Finished building: ../Sources/main.c
 
Building file: ../Project_Settings/Startup_Code/startup.c
Invoking: Cross ARM C Compiler
arm-none-eabi-gcc -mcpu=cortex-m0plus -mthumb -O0 -fmessage-length=0 -fsigned-char -ffunction-sections -fdata-sections  -g3 -I"C:/Users/Jakub/Documents/GitHub/bigdiodeenergy/Lab1/Static_Code/PDD" -I"C:/Users/Jakub/Documents/GitHub/bigdiodeenergy/Lab1/Static_Code/IO_Map" -I"C:/Users/Jakub/Documents/GitHub/bigdiodeenergy/Lab1/Sources" -I"C:/Users/Jakub/Documents/GitHub/bigdiodeenergy/Lab1/Generated_Code" -std=c99 -MMD -MP -MF"Project_Settings/Startup_Code/startup.d" -MT"Project_Settings/Startup_Code/startup.o" -c -o "Project_Settings/Startup_Code/startup.o" "../Project_Settings/Startup_Code/startup.c"
Finished building: ../Project_Settings/Startup_Code/startup.c
 
Building file: ../Generated_Code/Cpu.c
Invoking: Cross ARM C Compiler
arm-none-eabi-gcc -mcpu=cortex-m0plus -mthumb -O0 -fmessage-length=0 -fsigned-char -ffunction-sections -fdata-sections  -g3 -I"C:/Users/Jakub/Documents/GitHub/bigdiodeenergy/Lab1/Static_Code/PDD" -I"C:/Users/Jakub/Documents/GitHub/bigdiodeenergy/Lab1/Static_Code/IO_Map" -I"C:/Users/Jakub/Documents/GitHub/bigdiodeenergy/Lab1/Sources" -I"C:/Users/Jakub/Documents/GitHub/bigdiodeenergy/Lab1/Generated_Code" -std=c99 -MMD -MP -MF"Generated_Code/Cpu.d" -MT"Generated_Code/Cpu.o" -c -o "Generated_Code/Cpu.o" "../Generated_Code/Cpu.c"
Finished building: ../Generated_Code/Cpu.c
 
Building file: ../Generated_Code/LED_Red.c
Invoking: Cross ARM C Compiler
arm-none-eabi-gcc -mcpu=cortex-m0plus -mthumb -O0 -fmessage-length=0 -fsigned-char -ffunction-sections -fdata-sections  -g3 -I"C:/Users/Jakub/Documents/GitHub/bigdiodeenergy/Lab1/Static_Code/PDD" -I"C:/Users/Jakub/Documents/GitHub/bigdiodeenergy/Lab1/Static_Code/IO_Map" -I"C:/Users/Jakub/Documents/GitHub/bigdiodeenergy/Lab1/Sources" -I"C:/Users/Jakub/Documents/GitHub/bigdiodeenergy/Lab1/Generated_Code" -std=c99 -MMD -MP -MF"Generated_Code/LED_Red.d" -MT"Generated_Code/LED_Red.o" -c -o "Generated_Code/LED_Red.o" "../Generated_Code/LED_Red.c"
Finished building: ../Generated_Code/LED_Red.c
 
Building file: ../Generated_Code/PE_LDD.c
Invoking: Cross ARM C Compiler
arm-none-eabi-gcc -mcpu=cortex-m0plus -mthumb -O0 -fmessage-length=0 -fsigned-char -ffunction-sections -fdata-sections  -g3 -I"C:/Users/Jakub/Documents/GitHub/bigdiodeenergy/Lab1/Static_Code/PDD" -I"C:/Users/Jakub/Documents/GitHub/bigdiodeenergy/Lab1/Static_Code/IO_Map" -I"C:/Users/Jakub/Documents/GitHub/bigdiodeenergy/Lab1/Sources" -I"C:/Users/Jakub/Documents/GitHub/bigdiodeenergy/Lab1/Generated_Code" -std=c99 -MMD -MP -MF"Generated_Code/PE_LDD.d" -MT"Generated_Code/PE_LDD.o" -c -o "Generated_Code/PE_LDD.o" "../Generated_Code/PE_LDD.c"
Finished building: ../Generated_Code/PE_LDD.c
 
Building file: ../Generated_Code/Vectors.c
Invoking: Cross ARM C Compiler
arm-none-eabi-gcc -mcpu=cortex-m0plus -mthumb -O0 -fmessage-length=0 -fsigned-char -ffunction-sections -fdata-sections  -g3 -I"C:/Users/Jakub/Documents/GitHub/bigdiodeenergy/Lab1/Static_Code/PDD" -I"C:/Users/Jakub/Documents/GitHub/bigdiodeenergy/Lab1/Static_Code/IO_Map" -I"C:/Users/Jakub/Documents/GitHub/bigdiodeenergy/Lab1/Sources" -I"C:/Users/Jakub/Documents/GitHub/bigdiodeenergy/Lab1/Generated_Code" -std=c99 -MMD -MP -MF"Generated_Code/Vectors.d" -MT"Generated_Code/Vectors.o" -c -o "Generated_Code/Vectors.o" "../Generated_Code/Vectors.c"
Finished building: ../Generated_Code/Vectors.c
 
Building target: Lab1.elf
Invoking: Cross ARM C++ Linker
arm-none-eabi-g++ -mcpu=cortex-m0plus -mthumb -O0 -fmessage-length=0 -fsigned-char -ffunction-sections -fdata-sections  -g3 -T "C:/Users/Jakub/Documents/GitHub/bigdiodeenergy/Lab1/Project_Settings/Linker_Files/ProcessorExpert.ld" -Xlinker --gc-sections -L"C:/Users/Jakub/Documents/GitHub/bigdiodeenergy/Lab1/Project_Settings/Linker_Files" -Wl,-Map,"Lab1.map" -specs=nano.specs -specs=nosys.specs -o "Lab1.elf"  ./Sources/Events.o ./Sources/main.o  ./Project_Settings/Startup_Code/startup.o  ./Generated_Code/Cpu.o ./Generated_Code/LED_Red.o ./Generated_Code/PE_LDD.o ./Generated_Code/Vectors.o   
Finished building target: Lab1.elf
 
12:45:11 **** Incremental Build of configuration Debug for project Lab1 ****
make all 
make: Nothing to be done for 'all'.
12:45:27 **** Incremental Build of configuration Debug for project Lab1 ****
make all 
make: Nothing to be done for 'all'.
12:45:41 **** Incremental Build of configuration Debug for project Lab1 ****
make all 
make: Nothing to be done for 'all'.
13:15:43 **** Incremental Build of configuration Debug for project Lab1 ****
make all 
Building file: ../Sources/Events.c
Invoking: Cross ARM C Compiler
arm-none-eabi-gcc -mcpu=cortex-m0plus -mthumb -O0 -fmessage-length=0 -fsigned-char -ffunction-sections -fdata-sections  -g3 -I"C:/Users/Jakub/Documents/GitHub/bigdiodeenergy/Lab1/Static_Code/PDD" -I"C:/Users/Jakub/Documents/GitHub/bigdiodeenergy/Lab1/Static_Code/IO_Map" -I"C:/Users/Jakub/Documents/GitHub/bigdiodeenergy/Lab1/Sources" -I"C:/Users/Jakub/Documents/GitHub/bigdiodeenergy/Lab1/Generated_Code" -std=c99 -MMD -MP -MF"Sources/Events.d" -MT"Sources/Events.o" -c -o "Sources/Events.o" "../Sources/Events.c"
Finished building: ../Sources/Events.c
 
Building file: ../Sources/main.c
Invoking: Cross ARM C Compiler
arm-none-eabi-gcc -mcpu=cortex-m0plus -mthumb -O0 -fmessage-length=0 -fsigned-char -ffunction-sections -fdata-sections  -g3 -I"C:/Users/Jakub/Documents/GitHub/bigdiodeenergy/Lab1/Static_Code/PDD" -I"C:/Users/Jakub/Documents/GitHub/bigdiodeenergy/Lab1/Static_Code/IO_Map" -I"C:/Users/Jakub/Documents/GitHub/bigdiodeenergy/Lab1/Sources" -I"C:/Users/Jakub/Documents/GitHub/bigdiodeenergy/Lab1/Generated_Code" -std=c99 -MMD -MP -MF"Sources/main.d" -MT"Sources/main.o" -c -o "Sources/main.o" "../Sources/main.c"
Finished building: ../Sources/main.c
 
Building file: ../Generated_Code/Cpu.c
Invoking: Cross ARM C Compiler
arm-none-eabi-gcc -mcpu=cortex-m0plus -mthumb -O0 -fmessage-length=0 -fsigned-char -ffunction-sections -fdata-sections  -g3 -I"C:/Users/Jakub/Documents/GitHub/bigdiodeenergy/Lab1/Static_Code/PDD" -I"C:/Users/Jakub/Documents/GitHub/bigdiodeenergy/Lab1/Static_Code/IO_Map" -I"C:/Users/Jakub/Documents/GitHub/bigdiodeenergy/Lab1/Sources" -I"C:/Users/Jakub/Documents/GitHub/bigdiodeenergy/Lab1/Generated_Code" -std=c99 -MMD -MP -MF"Generated_Code/Cpu.d" -MT"Generated_Code/Cpu.o" -c -o "Generated_Code/Cpu.o" "../Generated_Code/Cpu.c"
Finished building: ../Generated_Code/Cpu.c
 
Building file: ../Generated_Code/EXTERNAL_LED.c
Invoking: Cross ARM C Compiler
arm-none-eabi-gcc -mcpu=cortex-m0plus -mthumb -O0 -fmessage-length=0 -fsigned-char -ffunction-sections -fdata-sections  -g3 -I"C:/Users/Jakub/Documents/GitHub/bigdiodeenergy/Lab1/Static_Code/PDD" -I"C:/Users/Jakub/Documents/GitHub/bigdiodeenergy/Lab1/Static_Code/IO_Map" -I"C:/Users/Jakub/Documents/GitHub/bigdiodeenergy/Lab1/Sources" -I"C:/Users/Jakub/Documents/GitHub/bigdiodeenergy/Lab1/Generated_Code" -std=c99 -MMD -MP -MF"Generated_Code/EXTERNAL_LED.d" -MT"Generated_Code/EXTERNAL_LED.o" -c -o "Generated_Code/EXTERNAL_LED.o" "../Generated_Code/EXTERNAL_LED.c"
Finished building: ../Generated_Code/EXTERNAL_LED.c
 
Building file: ../Generated_Code/LED_Red.c
Invoking: Cross ARM C Compiler
arm-none-eabi-gcc -mcpu=cortex-m0plus -mthumb -O0 -fmessage-length=0 -fsigned-char -ffunction-sections -fdata-sections  -g3 -I"C:/Users/Jakub/Documents/GitHub/bigdiodeenergy/Lab1/Static_Code/PDD" -I"C:/Users/Jakub/Documents/GitHub/bigdiodeenergy/Lab1/Static_Code/IO_Map" -I"C:/Users/Jakub/Documents/GitHub/bigdiodeenergy/Lab1/Sources" -I"C:/Users/Jakub/Documents/GitHub/bigdiodeenergy/Lab1/Generated_Code" -std=c99 -MMD -MP -MF"Generated_Code/LED_Red.d" -MT"Generated_Code/LED_Red.o" -c -o "Generated_Code/LED_Red.o" "../Generated_Code/LED_Red.c"
Finished building: ../Generated_Code/LED_Red.c
 
Building file: ../Generated_Code/PE_LDD.c
Invoking: Cross ARM C Compiler
arm-none-eabi-gcc -mcpu=cortex-m0plus -mthumb -O0 -fmessage-length=0 -fsigned-char -ffunction-sections -fdata-sections  -g3 -I"C:/Users/Jakub/Documents/GitHub/bigdiodeenergy/Lab1/Static_Code/PDD" -I"C:/Users/Jakub/Documents/GitHub/bigdiodeenergy/Lab1/Static_Code/IO_Map" -I"C:/Users/Jakub/Documents/GitHub/bigdiodeenergy/Lab1/Sources" -I"C:/Users/Jakub/Documents/GitHub/bigdiodeenergy/Lab1/Generated_Code" -std=c99 -MMD -MP -MF"Generated_Code/PE_LDD.d" -MT"Generated_Code/PE_LDD.o" -c -o "Generated_Code/PE_LDD.o" "../Generated_Code/PE_LDD.c"
Finished building: ../Generated_Code/PE_LDD.c
 
Building file: ../Generated_Code/Vectors.c
Invoking: Cross ARM C Compiler
arm-none-eabi-gcc -mcpu=cortex-m0plus -mthumb -O0 -fmessage-length=0 -fsigned-char -ffunction-sections -fdata-sections  -g3 -I"C:/Users/Jakub/Documents/GitHub/bigdiodeenergy/Lab1/Static_Code/PDD" -I"C:/Users/Jakub/Documents/GitHub/bigdiodeenergy/Lab1/Static_Code/IO_Map" -I"C:/Users/Jakub/Documents/GitHub/bigdiodeenergy/Lab1/Sources" -I"C:/Users/Jakub/Documents/GitHub/bigdiodeenergy/Lab1/Generated_Code" -std=c99 -MMD -MP -MF"Generated_Code/Vectors.d" -MT"Generated_Code/Vectors.o" -c -o "Generated_Code/Vectors.o" "../Generated_Code/Vectors.c"
Finished building: ../Generated_Code/Vectors.c
 
Building target: Lab1.elf
Invoking: Cross ARM C++ Linker
arm-none-eabi-g++ -mcpu=cortex-m0plus -mthumb -O0 -fmessage-length=0 -fsigned-char -ffunction-sections -fdata-sections  -g3 -T "C:/Users/Jakub/Documents/GitHub/bigdiodeenergy/Lab1/Project_Settings/Linker_Files/ProcessorExpert.ld" -Xlinker --gc-sections -L"C:/Users/Jakub/Documents/GitHub/bigdiodeenergy/Lab1/Project_Settings/Linker_Files" -Wl,-Map,"Lab1.map" -specs=nano.specs -specs=nosys.specs -o "Lab1.elf"  ./Sources/Events.o ./Sources/main.o  ./Project_Settings/Startup_Code/startup.o  ./Generated_Code/Cpu.o ./Generated_Code/EXTERNAL_LED.o ./Generated_Code/LED_Red.o ./Generated_Code/PE_LDD.o ./Generated_Code/Vectors.o   
Finished building target: Lab1.elf
 
13:15:51 **** Incremental Build of configuration Debug for project Lab1 ****
make all 
make: Nothing to be done for 'all'.
13:16:31 **** Incremental Build of configuration Debug for project Lab1 ****
make all 
make: Nothing to be done for 'all'.
13:17:01 **** Incremental Build of configuration Debug for project Lab1 ****
make all 
make: Nothing to be done for 'all'.
13:17:25 **** Incremental Build of configuration Debug for project Lab1 ****
make all 
make: Nothing to be done for 'all'.
13:20:28 **** Incremental Build of configuration Debug for project Lab1 ****
make all 
Building file: ../Sources/main.c
Invoking: Cross ARM C Compiler
arm-none-eabi-gcc -mcpu=cortex-m0plus -mthumb -O0 -fmessage-length=0 -fsigned-char -ffunction-sections -fdata-sections  -g3 -I"C:/Users/Jakub/Documents/GitHub/bigdiodeenergy/Lab1/Static_Code/PDD" -I"C:/Users/Jakub/Documents/GitHub/bigdiodeenergy/Lab1/Static_Code/IO_Map" -I"C:/Users/Jakub/Documents/GitHub/bigdiodeenergy/Lab1/Sources" -I"C:/Users/Jakub/Documents/GitHub/bigdiodeenergy/Lab1/Generated_Code" -std=c99 -MMD -MP -MF"Sources/main.d" -MT"Sources/main.o" -c -o "Sources/main.o" "../Sources/main.c"
Finished building: ../Sources/main.c
 
Building target: Lab1.elf
Invoking: Cross ARM C++ Linker
arm-none-eabi-g++ -mcpu=cortex-m0plus -mthumb -O0 -fmessage-length=0 -fsigned-char -ffunction-sections -fdata-sections  -g3 -T "C:/Users/Jakub/Documents/GitHub/bigdiodeenergy/Lab1/Project_Settings/Linker_Files/ProcessorExpert.ld" -Xlinker --gc-sections -L"C:/Users/Jakub/Documents/GitHub/bigdiodeenergy/Lab1/Project_Settings/Linker_Files" -Wl,-Map,"Lab1.map" -specs=nano.specs -specs=nosys.specs -o "Lab1.elf"  ./Sources/Events.o ./Sources/main.o  ./Project_Settings/Startup_Code/startup.o  ./Generated_Code/Cpu.o ./Generated_Code/EXTERNAL_LED.o ./Generated_Code/LED_Red.o ./Generated_Code/PE_LDD.o ./Generated_Code/Vectors.o   
Finished building target: Lab1.elf
 
13:21:46 **** Incremental Build of configuration Debug for project Lab1 ****
make all 
make: Nothing to be done for 'all'.
13:22:16 **** Incremental Build of configuration Debug for project Lab1 ****
make all 
make: Nothing to be done for 'all'.
13:24:27 **** Incremental Build of configuration Debug for project Lab1 ****
make all 
Building file: ../Sources/main.c
Invoking: Cross ARM C Compiler
arm-none-eabi-gcc -mcpu=cortex-m0plus -mthumb -O0 -fmessage-length=0 -fsigned-char -ffunction-sections -fdata-sections  -g3 -I"C:/Users/Jakub/Documents/GitHub/bigdiodeenergy/Lab1/Static_Code/PDD" -I"C:/Users/Jakub/Documents/GitHub/bigdiodeenergy/Lab1/Static_Code/IO_Map" -I"C:/Users/Jakub/Documents/GitHub/bigdiodeenergy/Lab1/Sources" -I"C:/Users/Jakub/Documents/GitHub/bigdiodeenergy/Lab1/Generated_Code" -std=c99 -MMD -MP -MF"Sources/main.d" -MT"Sources/main.o" -c -o "Sources/main.o" "../Sources/main.c"
Finished building: ../Sources/main.c
 
Building target: Lab1.elf
Invoking: Cross ARM C++ Linker
arm-none-eabi-g++ -mcpu=cortex-m0plus -mthumb -O0 -fmessage-length=0 -fsigned-char -ffunction-sections -fdata-sections  -g3 -T "C:/Users/Jakub/Documents/GitHub/bigdiodeenergy/Lab1/Project_Settings/Linker_Files/ProcessorExpert.ld" -Xlinker --gc-sections -L"C:/Users/Jakub/Documents/GitHub/bigdiodeenergy/Lab1/Project_Settings/Linker_Files" -Wl,-Map,"Lab1.map" -specs=nano.specs -specs=nosys.specs -o "Lab1.elf"  ./Sources/Events.o ./Sources/main.o  ./Project_Settings/Startup_Code/startup.o  ./Generated_Code/Cpu.o ./Generated_Code/EXTERNAL_LED.o ./Generated_Code/LED_Red.o ./Generated_Code/PE_LDD.o ./Generated_Code/Vectors.o   
Finished building target: Lab1.elf
 
13:28:16 **** Incremental Build of configuration Debug for project Lab1 ****
make all 
make: Nothing to be done for 'all'.
13:29:52 **** Incremental Build of configuration Debug for project Lab1 ****
make all 
Building file: ../Sources/main.c
Invoking: Cross ARM C Compiler
arm-none-eabi-gcc -mcpu=cortex-m0plus -mthumb -O0 -fmessage-length=0 -fsigned-char -ffunction-sections -fdata-sections  -g3 -I"C:/Users/Jakub/Documents/GitHub/bigdiodeenergy/Lab1/Static_Code/PDD" -I"C:/Users/Jakub/Documents/GitHub/bigdiodeenergy/Lab1/Static_Code/IO_Map" -I"C:/Users/Jakub/Documents/GitHub/bigdiodeenergy/Lab1/Sources" -I"C:/Users/Jakub/Documents/GitHub/bigdiodeenergy/Lab1/Generated_Code" -std=c99 -MMD -MP -MF"Sources/main.d" -MT"Sources/main.o" -c -o "Sources/main.o" "../Sources/main.c"
Finished building: ../Sources/main.c
 
Building target: Lab1.elf
Invoking: Cross ARM C++ Linker
arm-none-eabi-g++ -mcpu=cortex-m0plus -mthumb -O0 -fmessage-length=0 -fsigned-char -ffunction-sections -fdata-sections  -g3 -T "C:/Users/Jakub/Documents/GitHub/bigdiodeenergy/Lab1/Project_Settings/Linker_Files/ProcessorExpert.ld" -Xlinker --gc-sections -L"C:/Users/Jakub/Documents/GitHub/bigdiodeenergy/Lab1/Project_Settings/Linker_Files" -Wl,-Map,"Lab1.map" -specs=nano.specs -specs=nosys.specs -o "Lab1.elf"  ./Sources/Events.o ./Sources/main.o  ./Project_Settings/Startup_Code/startup.o  ./Generated_Code/Cpu.o ./Generated_Code/EXTERNAL_LED.o ./Generated_Code/LED_Red.o ./Generated_Code/PE_LDD.o ./Generated_Code/Vectors.o   
Finished building target: Lab1.elf
 
